{
  "RSpec": {
    "coverage": {
      "/home/attentive-device-8307/tic-tac-toe-rb-online-web-sp-000/lib/tic_tac_toe.rb": [
        1,
        null,
        null,
        1,
        null,
        null,
        null,
        null,
        null,
        null,
        null,
        null,
        null,
        1,
        3,
        null,
        null,
        1,
        0,
        0,
        0,
        0,
        0,
        null,
        null,
        1,
        0,
        null,
        null,
        1,
        0,
        null,
        null,
        1,
        0,
        null,
        null,
        1,
        0,
        null,
        null,
        1,
        0,
        0,
        0,
        0,
        null,
        null,
        0,
        null,
        null,
        1,
        null,
        0,
        0,
        0,
        null,
        0,
        null,
        0,
        null,
        null,
        1,
        3,
        3,
        0,
        0,
        0,
        0,
        0,
        null,
        0,
        null,
        null,
        null,
        1,
        6,
        48,
        48,
        48,
        null,
        48,
        48,
        48,
        null,
        48,
        0,
        48,
        0,
        null,
        null,
        6,
        null,
        null,
        1,
        6,
        null,
        null,
        1,
        3,
        0,
        null,
        3,
        null,
        null,
        null,
        1,
        3,
        0,
        null,
        3,
        null,
        null,
        null,
        1,
        0,
        0,
        0,
        null,
        null,
        0,
        0,
        null,
        0,
        null,
        null,
        null,
        null,
        1,
        3,
        3,
        null,
        null,
        0,
        0,
        0,
        0,
        null,
        null,
        null,
        null
      ]
    },
    "timestamp": 1605205533
  }
}
